2015-09-13 16:52:25,718 ERROR servlet.DispatcherServlet - Context initialization failed
org.springframework.beans.factory.BeanCreationException: Error creating bean with name 'org.springframework.web.servlet.mvc.method.annotation.RequestMappingHandlerAdapter#0': Cannot create inner bean '(inner bean)#1d49cb96' of type [org.springframework.web.bind.support.ConfigurableWebBindingInitializer] while setting bean property 'webBindingInitializer'; nested exception is org.springframework.beans.factory.BeanCreationException: Error creating bean with name '(inner bean)#1d49cb96': Cannot resolve reference to bean 'validator' while setting bean property 'validator'; nested exception is org.springframework.beans.factory.BeanCreationException: Error creating bean with name 'validator' defined in ServletContext resource [/WEB-INF/spring/appServlet/servlet-context.xml]: Invocation of init method failed; nested exception is java.lang.AbstractMethodError: org.hibernate.validator.internal.engine.ConfigurationImpl.getDefaultParameterNameProvider()Ljavax/validation/ParameterNameProvider;
	at org.springframework.beans.factory.support.BeanDefinitionValueResolver.resolveInnerBean(BeanDefinitionValueResolver.java:313)
	at org.springframework.beans.factory.support.BeanDefinitionValueResolver.resolveValueIfNecessary(BeanDefinitionValueResolver.java:129)
	at org.springframework.beans.factory.support.AbstractAutowireCapableBeanFactory.applyPropertyValues(AbstractAutowireCapableBeanFactory.java:1481)
	at org.springframework.beans.factory.support.AbstractAutowireCapableBeanFactory.populateBean(AbstractAutowireCapableBeanFactory.java:1226)
	at org.springframework.beans.factory.support.AbstractAutowireCapableBeanFactory.doCreateBean(AbstractAutowireCapableBeanFactory.java:543)
	at org.springframework.beans.factory.support.AbstractAutowireCapableBeanFactory.createBean(AbstractAutowireCapableBeanFactory.java:482)
	at org.springframework.beans.factory.support.AbstractBeanFactory$1.getObject(AbstractBeanFactory.java:305)
	at org.springframework.beans.factory.support.DefaultSingletonBeanRegistry.getSingleton(DefaultSingletonBeanRegistry.java:230)
	at org.springframework.beans.factory.support.AbstractBeanFactory.doGetBean(AbstractBeanFactory.java:301)
	at org.springframework.beans.factory.support.AbstractBeanFactory.getBean(AbstractBeanFactory.java:196)
	at org.springframework.beans.factory.support.DefaultListableBeanFactory.preInstantiateSingletons(DefaultListableBeanFactory.java:772)
	at org.springframework.context.support.AbstractApplicationContext.finishBeanFactoryInitialization(AbstractApplicationContext.java:834)
	at org.springframework.context.support.AbstractApplicationContext.refresh(AbstractApplicationContext.java:537)
	at org.springframework.web.servlet.FrameworkServlet.configureAndRefreshWebApplicationContext(FrameworkServlet.java:667)
	at org.springframework.web.servlet.FrameworkServlet.createWebApplicationContext(FrameworkServlet.java:633)
	at org.springframework.web.servlet.FrameworkServlet.createWebApplicationContext(FrameworkServlet.java:681)
	at org.springframework.web.servlet.FrameworkServlet.initWebApplicationContext(FrameworkServlet.java:552)
	at org.springframework.web.servlet.FrameworkServlet.initServletBean(FrameworkServlet.java:493)
	at org.springframework.web.servlet.HttpServletBean.init(HttpServletBean.java:136)
	at javax.servlet.GenericServlet.init(GenericServlet.java:244)
	at org.eclipse.jetty.servlet.ServletHolder.initServlet(ServletHolder.java:542)
	at org.eclipse.jetty.servlet.ServletHolder.initialize(ServletHolder.java:351)
	at org.eclipse.jetty.servlet.ServletHandler.initialize(ServletHandler.java:803)
	at org.eclipse.jetty.servlet.ServletContextHandler.startContext(ServletContextHandler.java:288)
	at org.eclipse.jetty.webapp.WebAppContext.startContext(WebAppContext.java:1322)
	at org.eclipse.jetty.server.handler.ContextHandler.doStart(ContextHandler.java:732)
	at org.eclipse.jetty.webapp.WebAppContext.doStart(WebAppContext.java:490)
	at org.eclipse.jetty.maven.plugin.JettyWebAppContext.doStart(JettyWebAppContext.java:280)
	at org.eclipse.jetty.util.component.AbstractLifeCycle.start(AbstractLifeCycle.java:69)
	at org.eclipse.jetty.util.component.ContainerLifeCycle.start(ContainerLifeCycle.java:118)
	at org.eclipse.jetty.util.component.ContainerLifeCycle.doStart(ContainerLifeCycle.java:100)
	at org.eclipse.jetty.server.handler.AbstractHandler.doStart(AbstractHandler.java:60)
	at org.eclipse.jetty.server.handler.ContextHandlerCollection.doStart(ContextHandlerCollection.java:155)
	at org.eclipse.jetty.util.component.AbstractLifeCycle.start(AbstractLifeCycle.java:69)
	at org.eclipse.jetty.util.component.ContainerLifeCycle.start(ContainerLifeCycle.java:118)
	at org.eclipse.jetty.util.component.ContainerLifeCycle.doStart(ContainerLifeCycle.java:100)
	at org.eclipse.jetty.server.handler.AbstractHandler.doStart(AbstractHandler.java:60)
	at org.eclipse.jetty.util.component.AbstractLifeCycle.start(AbstractLifeCycle.java:69)
	at org.eclipse.jetty.util.component.ContainerLifeCycle.start(ContainerLifeCycle.java:118)
	at org.eclipse.jetty.server.Server.start(Server.java:342)
	at org.eclipse.jetty.util.component.ContainerLifeCycle.doStart(ContainerLifeCycle.java:100)
	at org.eclipse.jetty.server.handler.AbstractHandler.doStart(AbstractHandler.java:60)
	at org.eclipse.jetty.server.Server.doStart(Server.java:290)
	at org.eclipse.jetty.maven.plugin.JettyServer.doStart(JettyServer.java:68)
	at org.eclipse.jetty.util.component.AbstractLifeCycle.start(AbstractLifeCycle.java:69)
	at org.eclipse.jetty.maven.plugin.AbstractJettyMojo.startJetty(AbstractJettyMojo.java:564)
	at org.eclipse.jetty.maven.plugin.AbstractJettyMojo.execute(AbstractJettyMojo.java:360)
	at org.eclipse.jetty.maven.plugin.JettyRunMojo.execute(JettyRunMojo.java:168)
	at org.apache.maven.plugin.DefaultBuildPluginManager.executeMojo(DefaultBuildPluginManager.java:101)
	at org.apache.maven.lifecycle.internal.MojoExecutor.execute(MojoExecutor.java:209)
	at org.apache.maven.lifecycle.internal.MojoExecutor.execute(MojoExecutor.java:153)
	at org.apache.maven.lifecycle.internal.MojoExecutor.execute(MojoExecutor.java:145)
	at org.apache.maven.lifecycle.internal.LifecycleModuleBuilder.buildProject(LifecycleModuleBuilder.java:84)
	at org.apache.maven.lifecycle.internal.LifecycleModuleBuilder.buildProject(LifecycleModuleBuilder.java:59)
	at org.apache.maven.lifecycle.internal.LifecycleStarter.singleThreadedBuild(LifecycleStarter.java:183)
	at org.apache.maven.lifecycle.internal.LifecycleStarter.execute(LifecycleStarter.java:161)
	at org.apache.maven.DefaultMaven.doExecute(DefaultMaven.java:320)
	at org.apache.maven.DefaultMaven.execute(DefaultMaven.java:156)
	at org.apache.maven.cli.MavenCli.execute(MavenCli.java:537)
	at org.apache.maven.cli.MavenCli.doMain(MavenCli.java:196)
	at org.apache.maven.cli.MavenCli.main(MavenCli.java:141)
	at sun.reflect.NativeMethodAccessorImpl.invoke0(Native Method)
	at sun.reflect.NativeMethodAccessorImpl.invoke(NativeMethodAccessorImpl.java:62)
	at sun.reflect.DelegatingMethodAccessorImpl.invoke(DelegatingMethodAccessorImpl.java:43)
	at java.lang.reflect.Method.invoke(Method.java:483)
	at org.codehaus.plexus.classworlds.launcher.Launcher.launchEnhanced(Launcher.java:290)
	at org.codehaus.plexus.classworlds.launcher.Launcher.launch(Launcher.java:230)
	at org.codehaus.plexus.classworlds.launcher.Launcher.mainWithExitCode(Launcher.java:409)
	at org.codehaus.plexus.classworlds.launcher.Launcher.main(Launcher.java:352)
	at org.codehaus.classworlds.Launcher.main(Launcher.java:47)
	at sun.reflect.NativeMethodAccessorImpl.invoke0(Native Method)
	at sun.reflect.NativeMethodAccessorImpl.invoke(NativeMethodAccessorImpl.java:62)
	at sun.reflect.DelegatingMethodAccessorImpl.invoke(DelegatingMethodAccessorImpl.java:43)
	at java.lang.reflect.Method.invoke(Method.java:483)
	at com.intellij.rt.execution.application.AppMain.main(AppMain.java:140)
Caused by: org.springframework.beans.factory.BeanCreationException: Error creating bean with name '(inner bean)#1d49cb96': Cannot resolve reference to bean 'validator' while setting bean property 'validator'; nested exception is org.springframework.beans.factory.BeanCreationException: Error creating bean with name 'validator' defined in ServletContext resource [/WEB-INF/spring/appServlet/servlet-context.xml]: Invocation of init method failed; nested exception is java.lang.AbstractMethodError: org.hibernate.validator.internal.engine.ConfigurationImpl.getDefaultParameterNameProvider()Ljavax/validation/ParameterNameProvider;
	at org.springframework.beans.factory.support.BeanDefinitionValueResolver.resolveReference(BeanDefinitionValueResolver.java:359)
	at org.springframework.beans.factory.support.BeanDefinitionValueResolver.resolveValueIfNecessary(BeanDefinitionValueResolver.java:108)
	at org.springframework.beans.factory.support.AbstractAutowireCapableBeanFactory.applyPropertyValues(AbstractAutowireCapableBeanFactory.java:1481)
	at org.springframework.beans.factory.support.AbstractAutowireCapableBeanFactory.populateBean(AbstractAutowireCapableBeanFactory.java:1226)
	at org.springframework.beans.factory.support.AbstractAutowireCapableBeanFactory.doCreateBean(AbstractAutowireCapableBeanFactory.java:543)
	at org.springframework.beans.factory.support.AbstractAutowireCapableBeanFactory.createBean(AbstractAutowireCapableBeanFactory.java:482)
	at org.springframework.beans.factory.support.BeanDefinitionValueResolver.resolveInnerBean(BeanDefinitionValueResolver.java:299)
	... 74 more
Caused by: org.springframework.beans.factory.BeanCreationException: Error creating bean with name 'validator' defined in ServletContext resource [/WEB-INF/spring/appServlet/servlet-context.xml]: Invocation of init method failed; nested exception is java.lang.AbstractMethodError: org.hibernate.validator.internal.engine.ConfigurationImpl.getDefaultParameterNameProvider()Ljavax/validation/ParameterNameProvider;
	at org.springframework.beans.factory.support.AbstractAutowireCapableBeanFactory.initializeBean(AbstractAutowireCapableBeanFactory.java:1578)
	at org.springframework.beans.factory.support.AbstractAutowireCapableBeanFactory.doCreateBean(AbstractAutowireCapableBeanFactory.java:545)
	at org.springframework.beans.factory.support.AbstractAutowireCapableBeanFactory.createBean(AbstractAutowireCapableBeanFactory.java:482)
	at org.springframework.beans.factory.support.AbstractBeanFactory$1.getObject(AbstractBeanFactory.java:305)
	at org.springframework.beans.factory.support.DefaultSingletonBeanRegistry.getSingleton(DefaultSingletonBeanRegistry.java:230)
	at org.springframework.beans.factory.support.AbstractBeanFactory.doGetBean(AbstractBeanFactory.java:301)
	at org.springframework.beans.factory.support.AbstractBeanFactory.getBean(AbstractBeanFactory.java:196)
	at org.springframework.beans.factory.support.BeanDefinitionValueResolver.resolveReference(BeanDefinitionValueResolver.java:351)
	... 80 more
Caused by: java.lang.AbstractMethodError: org.hibernate.validator.internal.engine.ConfigurationImpl.getDefaultParameterNameProvider()Ljavax/validation/ParameterNameProvider;
	at sun.reflect.NativeMethodAccessorImpl.invoke0(Native Method)
	at sun.reflect.NativeMethodAccessorImpl.invoke(NativeMethodAccessorImpl.java:62)
	at sun.reflect.DelegatingMethodAccessorImpl.invoke(DelegatingMethodAccessorImpl.java:43)
	at java.lang.reflect.Method.invoke(Method.java:483)
	at org.springframework.util.ReflectionUtils.invokeMethod(ReflectionUtils.java:211)
	at org.springframework.util.ReflectionUtils.invokeMethod(ReflectionUtils.java:196)
	at org.springframework.validation.beanvalidation.LocalValidatorFactoryBean.configureParameterNameProviderIfPossible(LocalValidatorFactoryBean.java:287)
	at org.springframework.validation.beanvalidation.LocalValidatorFactoryBean.afterPropertiesSet(LocalValidatorFactoryBean.java:256)
	at org.springframework.beans.factory.support.AbstractAutowireCapableBeanFactory.invokeInitMethods(AbstractAutowireCapableBeanFactory.java:1637)
	at org.springframework.beans.factory.support.AbstractAutowireCapableBeanFactory.initializeBean(AbstractAutowireCapableBeanFactory.java:1574)
	... 87 more
